[0m15:18:13.702420 [debug] [MainThread]: Sending event: {'category': 'dbt', 'action': 'invocation', 'label': 'start', 'context': [<snowplow_tracker.self_describing_json.SelfDescribingJson object at 0x000001778C7BE800>, <snowplow_tracker.self_describing_json.SelfDescribingJson object at 0x000001778D2F12A0>, <snowplow_tracker.self_describing_json.SelfDescribingJson object at 0x000001778D2F13C0>]}


============================== 15:18:13.770978 | 618b842e-0a63-4d25-950b-bfa433474a6c ==============================
[0m15:18:13.770978 [info ] [MainThread]: Running with dbt=1.10.15
[0m15:18:13.772981 [debug] [MainThread]: running dbt with arguments {'log_format': 'default', 'printer_width': '80', 'invocation_command': 'dbt init', 'profiles_dir': 'C:\\Users\\Bilawal ussain\\.dbt', 'write_json': 'True', 'warn_error': 'None', 'indirect_selection': 'eager', 'fail_fast': 'False', 'static_parser': 'True', 'send_anonymous_usage_stats': 'True', 'log_path': 'logs', 'warn_error_options': 'WarnErrorOptionsV2(error=[], warn=[], silence=[])', 'partial_parse': 'True', 'version_check': 'True', 'use_experimental_parser': 'False', 'introspect': 'True', 'quiet': 'False', 'empty': 'None', 'log_cache_events': 'False', 'debug': 'False', 'no_print': 'None', 'use_colors': 'True', 'cache_selected_only': 'False', 'target_path': 'None'}
[0m15:18:41.753040 [debug] [MainThread]: Starter project path: C:\Users\Bilawal ussain\Desktop\upsurge\Data-Analyst\.venv\lib\site-packages\dbt\include\starter_project
[0m15:18:41.826320 [info ] [MainThread]: 
Your new dbt project "DataAnalyst" was created!

For more information on how to configure the profiles.yml file,
please consult the dbt documentation here:

  https://docs.getdbt.com/docs/configure-your-profile

One more thing:

Need help? Don't hesitate to reach out to us via GitHub issues or on Slack:

  https://community.getdbt.com/

Happy modeling!

[0m15:18:41.829508 [info ] [MainThread]: Setting up your profile.
[0m15:18:58.953761 [error] [MainThread]: Encountered an error:
list index out of range
[0m15:18:58.957084 [error] [MainThread]: Traceback (most recent call last):
  File "C:\Users\Bilawal ussain\Desktop\upsurge\Data-Analyst\.venv\lib\site-packages\dbt\cli\requires.py", line 178, in wrapper
    result, success = func(*args, **kwargs)
  File "C:\Users\Bilawal ussain\Desktop\upsurge\Data-Analyst\.venv\lib\site-packages\dbt\cli\requires.py", line 128, in wrapper
    return func(*args, **kwargs)
  File "C:\Users\Bilawal ussain\Desktop\upsurge\Data-Analyst\.venv\lib\site-packages\dbt\cli\main.py", line 483, in init
    results = task.run()
  File "C:\Users\Bilawal ussain\Desktop\upsurge\Data-Analyst\.venv\lib\site-packages\dbt\task\init.py", line 346, in run
    self.setup_profile(profile_name)
  File "C:\Users\Bilawal ussain\Desktop\upsurge\Data-Analyst\.venv\lib\site-packages\dbt\task\init.py", line 261, in setup_profile
    adapter = self.ask_for_adapter_choice()
  File "C:\Users\Bilawal ussain\Desktop\upsurge\Data-Analyst\.venv\lib\site-packages\dbt\task\init.py", line 243, in ask_for_adapter_choice
    return available_adapters[numeric_choice - 1]
IndexError: list index out of range

[0m15:18:58.964258 [debug] [MainThread]: Command `dbt init` failed at 15:18:58.963257 after 45.52 seconds
[0m15:18:58.965254 [debug] [MainThread]: Sending event: {'category': 'dbt', 'action': 'invocation', 'label': 'end', 'context': [<snowplow_tracker.self_describing_json.SelfDescribingJson object at 0x000001778C7BE800>, <snowplow_tracker.self_describing_json.SelfDescribingJson object at 0x000001778EBCD840>, <snowplow_tracker.self_describing_json.SelfDescribingJson object at 0x000001778EBCDA80>]}
[0m15:18:58.967253 [debug] [MainThread]: Flushing usage events
[0m15:19:00.492737 [debug] [MainThread]: An error was encountered while trying to flush usage events
[0m15:19:32.530388 [debug] [MainThread]: Sending event: {'category': 'dbt', 'action': 'invocation', 'label': 'start', 'context': [<snowplow_tracker.self_describing_json.SelfDescribingJson object at 0x000001B551044A00>, <snowplow_tracker.self_describing_json.SelfDescribingJson object at 0x000001B5532318D0>, <snowplow_tracker.self_describing_json.SelfDescribingJson object at 0x000001B553231D50>]}


============================== 15:19:32.540400 | 22bae8c6-1471-43ee-8bef-a1823bac9bc0 ==============================
[0m15:19:32.540400 [info ] [MainThread]: Running with dbt=1.10.15
[0m15:19:32.542399 [debug] [MainThread]: running dbt with arguments {'profiles_dir': 'C:\\Users\\Bilawal ussain\\.dbt', 'no_print': 'None', 'printer_width': '80', 'target_path': 'None', 'use_colors': 'True', 'warn_error': 'None', 'indirect_selection': 'eager', 'fail_fast': 'False', 'partial_parse': 'True', 'send_anonymous_usage_stats': 'True', 'log_path': 'logs', 'warn_error_options': 'WarnErrorOptionsV2(error=[], warn=[], silence=[])', 'static_parser': 'True', 'version_check': 'True', 'use_experimental_parser': 'False', 'quiet': 'False', 'introspect': 'True', 'empty': 'None', 'log_cache_events': 'False', 'debug': 'False', 'log_format': 'default', 'invocation_command': 'dbt init', 'cache_selected_only': 'False', 'write_json': 'True'}
[0m15:19:42.890823 [info ] [MainThread]: A project called DataAnalyst already exists here.
[0m15:19:42.893825 [debug] [MainThread]: Command `dbt init` succeeded at 15:19:42.893825 after 10.57 seconds
[0m15:19:42.896823 [debug] [MainThread]: Sending event: {'category': 'dbt', 'action': 'invocation', 'label': 'end', 'context': [<snowplow_tracker.self_describing_json.SelfDescribingJson object at 0x000001B551044A00>, <snowplow_tracker.self_describing_json.SelfDescribingJson object at 0x000001B5532303A0>, <snowplow_tracker.self_describing_json.SelfDescribingJson object at 0x000001B5532318D0>]}
[0m15:19:42.898819 [debug] [MainThread]: Flushing usage events
[0m15:19:43.990717 [debug] [MainThread]: An error was encountered while trying to flush usage events
